[    4119ms] [INFO] %cDownload the React DevTools for a better development experience: https://react.dev/link/react-devtools font-weight:bold @ http://localhost:3000/_next/static/chunks/node_modules_next_dist_compiled_react-dom_1f56dc06._.js:14475
[    4486ms] [LOG] [Fast Refresh] rebuilding @ http://localhost:3000/_next/static/chunks/node_modules_next_dist_client_20b209c9._.js:5693
[    5229ms] [LOG] [Fast Refresh] done in 845ms @ http://localhost:3000/_next/static/chunks/node_modules_next_dist_client_20b209c9._.js:5557
[    5493ms] [LOG] [Fast Refresh] rebuilding @ http://localhost:3000/_next/static/chunks/node_modules_next_dist_client_20b209c9._.js:5693
[    5601ms] [LOG] [Fast Refresh] done in 209ms @ http://localhost:3000/_next/static/chunks/node_modules_next_dist_client_20b209c9._.js:5557
[   29597ms] [LOG] [Fast Refresh] rebuilding @ http://localhost:3000/_next/static/chunks/node_modules_next_dist_client_20b209c9._.js:5693
[   29598ms] [LOG] [Fast Refresh] done in 123ms @ http://localhost:3000/_next/static/chunks/node_modules_next_dist_client_20b209c9._.js:5557
[   35725ms] [LOG] [Fast Refresh] rebuilding @ http://localhost:3000/_next/static/chunks/node_modules_next_dist_client_20b209c9._.js:5693
[   35727ms] [LOG] [Fast Refresh] done in 102ms @ http://localhost:3000/_next/static/chunks/node_modules_next_dist_client_20b209c9._.js:5557
[   52894ms] [ERROR] Warning: [antd: compatible] antd v5 support React is 16 ~ 18. see https://u.ant.design/v5-for-19 for compatible. @ http://localhost:3000/_next/static/chunks/node_modules_next_dist_445d8acf._.js:2248
[   53003ms] [LOG] [Fast Refresh] rebuilding @ http://localhost:3000/_next/static/chunks/node_modules_next_dist_client_20b209c9._.js:5693
[   53084ms] [LOG] [Fast Refresh] done in 182ms @ http://localhost:3000/_next/static/chunks/node_modules_next_dist_client_20b209c9._.js:5557
[   53186ms] [LOG] [Fast Refresh] rebuilding @ http://localhost:3000/_next/static/chunks/node_modules_next_dist_client_20b209c9._.js:5693
[   56180ms] [LOG] [Fast Refresh] done in 3095ms @ http://localhost:3000/_next/static/chunks/node_modules_next_dist_client_20b209c9._.js:5557
[   56282ms] [LOG] [Fast Refresh] rebuilding @ http://localhost:3000/_next/static/chunks/node_modules_next_dist_client_20b209c9._.js:5693
[   56777ms] [LOG] [Fast Refresh] done in 596ms @ http://localhost:3000/_next/static/chunks/node_modules_next_dist_client_20b209c9._.js:5557
[   65802ms] [LOG] [Fast Refresh] rebuilding @ http://localhost:3000/_next/static/chunks/node_modules_next_dist_client_20b209c9._.js:5693
[   65803ms] [LOG] [Fast Refresh] done in 103ms @ http://localhost:3000/_next/static/chunks/node_modules_next_dist_client_20b209c9._.js:5557
[   77576ms] [LOG] [Fast Refresh] rebuilding @ http://localhost:3000/_next/static/chunks/node_modules_next_dist_client_20b209c9._.js:5693
[   77594ms] [LOG] [Fast Refresh] done in 119ms @ http://localhost:3000/_next/static/chunks/node_modules_next_dist_client_20b209c9._.js:5557
[  101239ms] [LOG] [Fast Refresh] rebuilding @ http://localhost:3000/_next/static/chunks/node_modules_next_dist_client_20b209c9._.js:5693
[  101370ms] [LOG] [Fast Refresh] done in 236ms @ http://localhost:3000/_next/static/chunks/node_modules_next_dist_client_20b209c9._.js:5557
[  119477ms] [ERROR] Warning: [antd: message] Static function can not consume context like dynamic theme. Please use 'App' component instead. @ http://localhost:3000/_next/static/chunks/node_modules_next_dist_445d8acf._.js:2248
[  119575ms] [LOG] [Fast Refresh] rebuilding @ http://localhost:3000/_next/static/chunks/node_modules_next_dist_client_20b209c9._.js:5693
[  119671ms] [LOG] [Fast Refresh] done in 207ms @ http://localhost:3000/_next/static/chunks/node_modules_next_dist_client_20b209c9._.js:5557
